<?xml version="1.0" encoding="utf-8"?><testsuites name="pytest tests"><testsuite name="pytest" errors="0" failures="0" skipped="0" tests="26" time="14.784" timestamp="2026-06-14T19:17:10.636558+00:00" hostname="agent-env-0ba64654-ae36-47f3-85a7-8b9204fbc666"><testcase classname="backend.tests.test_carebridge_v2.TestSelfRegisterDisabled" name="test_register_returns_403" time="0.255" /><testcase classname="backend.tests.test_carebridge_v2.TestSearch" name="test_search_returns_masked" time="0.406" /><testcase classname="backend.tests.test_carebridge_v2.TestSearch" name="test_search_min_length_enforced" time="0.056" /><testcase classname="backend.tests.test_carebridge_v2.TestSearch" name="test_search_by_phone_digits" time="0.083" /><testcase classname="backend.tests.test_carebridge_v2.TestDashboardV2" name="test_activity_feed" time="0.043" /><testcase classname="backend.tests.test_carebridge_v2.TestDashboardV2" name="test_active_draft" time="0.083" /><testcase classname="backend.tests.test_carebridge_v2.TestDashboardV2" name="test_followups_upcoming" time="0.043" /><testcase classname="backend.tests.test_carebridge_v2.TestDashboardV2" name="test_dashboard_stats_has_v2_fields" time="0.050" /><testcase classname="backend.tests.test_carebridge_v2.TestConsultationV2" name="test_autosave_persists" time="0.194" /><testcase classname="backend.tests.test_carebridge_v2.TestConsultationV2" name="test_duration_update" time="0.127" /><testcase classname="backend.tests.test_carebridge_v2.TestConsultationV2" name="test_followup_update_and_timeline" time="0.138" /><testcase classname="backend.tests.test_carebridge_v2.TestConsultationV2" name="test_autosave_404_for_unknown" time="0.047" /><testcase classname="backend.tests.test_carebridge_v2.TestPatientTimeline" name="test_timeline_has_creation_events" time="0.042" /><testcase classname="backend.tests.test_carebridge_v2.TestFamilyAccounts" name="test_primary_marked_as_self" time="0.181" /><testcase classname="backend.tests.test_carebridge_v2.TestFamilyAccounts" name="test_get_family_lists_primary" time="0.043" /><testcase classname="backend.tests.test_carebridge_v2.TestFamilyAccounts" name="test_add_family_member_inherits_phone" time="0.131" /><testcase classname="backend.tests.test_carebridge_v2.TestFamilyAccounts" name="test_member_consultations_scoped" time="0.213" /><testcase classname="backend.tests.test_carebridge_v2.TestFamilyAccounts" name="test_patient_family_endpoint" time="0.042" /><testcase classname="backend.tests.test_carebridge_v2.TestFamilyAccounts" name="test_add_member_requires_consent" time="0.041" /><testcase classname="backend.tests.test_carebridge_v2.TestAutoGenerate" name="test_auto_generate_both_summaries" time="12.016" /><testcase classname="backend.tests.test_carebridge_v2.TestAutoGenerate" name="test_auto_generate_empty_transcript_400" time="0.096" /><testcase classname="backend.tests.test_carebridge_v2.TestPrivacy" name="test_patients_list_still_masks" time="0.044" /><testcase classname="backend.tests.test_carebridge_v2.TestPrivacy" name="test_patient_detail_unmasked" time="0.084" /><testcase classname="backend.tests.test_carebridge_v2.TestBackwardCompat" name="test_legacy_generate_patient_summary_still_exists" time="0.086" /><testcase classname="backend.tests.test_carebridge_v2.TestBackwardCompat" name="test_legacy_generate_doctor_notes_endpoint_exists" time="0.089" /><testcase classname="backend.tests.test_carebridge_v2.TestBackwardCompat" name="test_simple_patient_create_still_works" time="0.044" /></testsuite></testsuites>