<?xml version="1.0" encoding="utf-8"?><testsuites name="pytest tests"><testsuite name="pytest" errors="0" failures="0" skipped="0" tests="19" time="9.856" timestamp="2026-06-14T18:21:51.343031+00:00" hostname="agent-env-0ba64654-ae36-47f3-85a7-8b9204fbc666"><testcase classname="backend.tests.test_carebridge_api.TestAuth" name="test_login_wrong_password" time="0.504" /><testcase classname="backend.tests.test_carebridge_api.TestAuth" name="test_me_unauthenticated" time="0.163" /><testcase classname="backend.tests.test_carebridge_api.TestAuth" name="test_login_and_me" time="0.378" /><testcase classname="backend.tests.test_carebridge_api.TestAuth" name="test_logout" time="0.421" /><testcase classname="backend.tests.test_carebridge_api.TestPatients" name="test_list_patients_seeded" time="0.047" /><testcase classname="backend.tests.test_carebridge_api.TestPatients" name="test_list_view_masks_phone_and_hides_pii" time="0.049" /><testcase classname="backend.tests.test_carebridge_api.TestPatients" name="test_patient_detail_returns_unmasked" time="0.105" /><testcase classname="backend.tests.test_carebridge_api.TestPatients" name="test_create_patient_requires_consent" time="0.051" /><testcase classname="backend.tests.test_carebridge_api.TestPatients" name="test_create_patient_success" time="0.111" /><testcase classname="backend.tests.test_carebridge_api.TestPatients" name="test_search_filters_by_name" time="0.047" /><testcase classname="backend.tests.test_carebridge_api.TestConsultations" name="test_consultation_created" time="0.103" /><testcase classname="backend.tests.test_carebridge_api.TestConsultations" name="test_get_consultation" time="0.049" /><testcase classname="backend.tests.test_carebridge_api.TestConsultations" name="test_update_transcript" time="0.100" /><testcase classname="backend.tests.test_carebridge_api.TestConsultations" name="test_update_summary_and_approve" time="0.095" /><testcase classname="backend.tests.test_carebridge_api.TestConsultations" name="test_generate_patient_summary_with_claude" time="7.069" /><testcase classname="backend.tests.test_carebridge_api.TestConsultations" name="test_generate_summary_empty_transcript_fails" time="0.169" /><testcase classname="backend.tests.test_carebridge_api.TestDashboard" name="test_stats" time="0.052" /><testcase classname="backend.tests.test_carebridge_api.TestSettings" name="test_get_settings" time="0.051" /><testcase classname="backend.tests.test_carebridge_api.TestSettings" name="test_update_and_revert_name" time="0.202" /></testsuite></testsuites>